<?xml version="1.0" encoding="UTF-8"?>
<coverage generated="1468565207130" clover="3.2.0">
	<project timestamp="1468565207130"  name="All Files" >
		<metrics statements="11"  coveredstatements="6"  conditionals="20"  coveredconditionals="5"  methods="10"  coveredmethods="6"  elements="41"  coveredelements="17"  complexity="0"  packages="1"  files="1"  classes="1"  loc="83"  ncloc="83" />
		<package name="src" >
			<metrics statements="11"  coveredstatements="6"  conditionals="20"  coveredconditionals="5"  methods="10"  coveredmethods="6" />
			<file name="LiquidUtils.js"  path="/Users/evv/liquid/src/LiquidUtils.js" >
				<metrics statements="11"  coveredstatements="6"  conditionals="20"  coveredconditionals="5"  methods="10"  coveredmethods="6" />
				<line num="1"  count="1"  type="cond"  truecount="1"  falsecount="3" />
				<line num="4"  count="1"  type="stmt" />
				<line num="8"  count="1"  type="stmt" />
				<line num="14"  count="1"  type="stmt" />
				<line num="71"  count="1"  type="stmt" />
				<line num="76"  count="9"  type="cond"  truecount="4"  falsecount="4" />
				<line num="77"  count="0"  type="cond"  truecount="0"  falsecount="4" />
				<line num="78"  count="0"  type="stmt" />
				<line num="80"  count="0"  type="cond"  truecount="0"  falsecount="4" />
				<line num="81"  count="0"  type="stmt" />
				<line num="83"  count="0"  type="stmt" />
			</file>
		</package>
	</project>
</coverage>
