{
"/Users/evv/liquid/src/LiquidUtils.js":{"path":"/Users/evv/liquid/src/LiquidUtils.js","s":{"1":1,"2":1,"3":0,"4":0,"5":0,"6":0,"7":0,"8":0,"9":1,"10":1,"11":1,"12":1,"13":1,"14":1,"15":9,"16":0,"17":9,"18":9,"19":1,"20":1,"21":1,"22":5,"23":1,"24":0,"25":1,"26":2,"27":2,"28":2,"29":2,"30":2,"31":2,"32":2,"33":2,"34":2,"35":2,"36":5,"37":2,"38":2,"39":2,"40":5,"41":5,"42":2,"43":5,"44":5,"45":2,"46":2,"47":1,"48":1,"49":0,"50":0,"51":0,"52":0,"53":0},"b":{"1":[1,0],"2":[0,0],"3":[0,9],"4":[0,0],"5":[2,0],"6":[2,3],"7":[0,0],"8":[0,0],"9":[0,0],"10":[0,0]},"f":{"1":0,"2":9,"3":5,"4":0,"5":2,"6":2,"7":5,"8":5,"9":0,"10":0},"fnMap":{"1":{"name":"(anonymous_1)","line":1,"loc":{"start":{"line":1,"column":85},"end":{"line":1,"column":101}}},"2":{"name":"_defineProperty","line":76,"loc":{"start":{"line":76,"column":38},"end":{"line":76,"column":77}}},"3":{"name":"keyOfObject","line":76,"loc":{"start":{"line":76,"column":306},"end":{"line":76,"column":333}}},"4":{"name":"isTypey","line":76,"loc":{"start":{"line":76,"column":378},"end":{"line":76,"column":399}}},"5":{"name":"setBookmark","line":76,"loc":{"start":{"line":76,"column":427},"end":{"line":76,"column":473}}},"6":{"name":"(anonymous_6)","line":76,"loc":{"start":{"line":76,"column":600},"end":{"line":76,"column":610}}},"7":{"name":"(anonymous_7)","line":76,"loc":{"start":{"line":76,"column":696},"end":{"line":76,"column":709}}},"8":{"name":"(anonymous_8)","line":76,"loc":{"start":{"line":76,"column":814},"end":{"line":76,"column":847}}},"9":{"name":"getDefaultValue","line":76,"loc":{"start":{"line":76,"column":1225},"end":{"line":76,"column":1265}}},"10":{"name":"extractNativeValue","line":76,"loc":{"start":{"line":76,"column":1267},"end":{"line":76,"column":1297}}}},"statementMap":{"1":{"start":{"line":1,"column":0},"end":{"line":1,"column":57}},"2":{"start":{"line":1,"column":57},"end":{"line":1,"column":281}},"3":{"start":{"line":1,"column":102},"end":{"line":1,"column":265}},"4":{"start":{"line":1,"column":138},"end":{"line":1,"column":162}},"5":{"start":{"line":1,"column":162},"end":{"line":1,"column":264}},"6":{"start":{"line":1,"column":185},"end":{"line":1,"column":263}},"7":{"start":{"line":1,"column":238},"end":{"line":1,"column":262}},"8":{"start":{"line":1,"column":265},"end":{"line":1,"column":279}},"9":{"start":{"line":1,"column":281},"end":{"line":4,"column":24}},"10":{"start":{"line":4,"column":24},"end":{"line":8,"column":16}},"11":{"start":{"line":8,"column":16},"end":{"line":14,"column":24}},"12":{"start":{"line":14,"column":24},"end":{"line":71,"column":32}},"13":{"start":{"line":71,"column":32},"end":{"line":76,"column":38}},"14":{"start":{"line":76,"column":38},"end":{"line":76,"column":220}},"15":{"start":{"line":76,"column":78},"end":{"line":76,"column":208}},"16":{"start":{"line":76,"column":93},"end":{"line":76,"column":186}},"17":{"start":{"line":76,"column":192},"end":{"line":76,"column":207}},"18":{"start":{"line":76,"column":208},"end":{"line":76,"column":219}},"19":{"start":{"line":76,"column":220},"end":{"line":76,"column":259}},"20":{"start":{"line":76,"column":259},"end":{"line":76,"column":306}},"21":{"start":{"line":76,"column":306},"end":{"line":76,"column":378}},"22":{"start":{"line":76,"column":334},"end":{"line":76,"column":377}},"23":{"start":{"line":76,"column":378},"end":{"line":76,"column":427}},"24":{"start":{"line":76,"column":400},"end":{"line":76,"column":426}},"25":{"start":{"line":76,"column":427},"end":{"line":76,"column":1225}},"26":{"start":{"line":76,"column":474},"end":{"line":76,"column":504}},"27":{"start":{"line":76,"column":504},"end":{"line":76,"column":530}},"28":{"start":{"line":76,"column":530},"end":{"line":76,"column":568}},"29":{"start":{"line":76,"column":568},"end":{"line":76,"column":587}},"30":{"start":{"line":76,"column":587},"end":{"line":76,"column":1042}},"31":{"start":{"line":76,"column":599},"end":{"line":76,"column":1041}},"32":{"start":{"line":76,"column":611},"end":{"line":76,"column":632}},"33":{"start":{"line":76,"column":632},"end":{"line":76,"column":663}},"34":{"start":{"line":76,"column":663},"end":{"line":76,"column":678}},"35":{"start":{"line":76,"column":678},"end":{"line":76,"column":744}},"36":{"start":{"line":76,"column":710},"end":{"line":76,"column":722}},"37":{"start":{"line":76,"column":744},"end":{"line":76,"column":763}},"38":{"start":{"line":76,"column":763},"end":{"line":76,"column":788}},"39":{"start":{"line":76,"column":788},"end":{"line":76,"column":1036}},"40":{"start":{"line":76,"column":848},"end":{"line":76,"column":875}},"41":{"start":{"line":76,"column":875},"end":{"line":76,"column":926}},"42":{"start":{"line":76,"column":911},"end":{"line":76,"column":925}},"43":{"start":{"line":76,"column":926},"end":{"line":76,"column":993}},"44":{"start":{"line":76,"column":993},"end":{"line":76,"column":1033}},"45":{"start":{"line":76,"column":1042},"end":{"line":76,"column":1072}},"46":{"start":{"line":76,"column":1072},"end":{"line":76,"column":1224}},"47":{"start":{"line":76,"column":1225},"end":{"line":76,"column":1267}},"48":{"start":{"line":76,"column":1267},"end":{"line":84,"column":1}},"49":{"start":{"line":77,"column":0},"end":{"line":79,"column":1}},"50":{"start":{"line":78,"column":0},"end":{"line":78,"column":15}},"51":{"start":{"line":80,"column":0},"end":{"line":82,"column":1}},"52":{"start":{"line":81,"column":0},"end":{"line":81,"column":9}},"53":{"start":{"line":83,"column":0},"end":{"line":83,"column":12}}},"branchMap":{"1":{"line":1,"type":"binary-expr","locations":[{"start":{"line":1,"column":70},"end":{"line":1,"column":83}},{"start":{"line":1,"column":85},"end":{"line":1,"column":280}}]},"2":{"line":1,"type":"if","locations":[{"start":{"line":1,"column":185},"end":{"line":1,"column":185}},{"start":{"line":1,"column":185},"end":{"line":1,"column":185}}]},"3":{"line":76,"type":"if","locations":[{"start":{"line":76,"column":78},"end":{"line":76,"column":78}},{"start":{"line":76,"column":78},"end":{"line":76,"column":78}}]},"4":{"line":76,"type":"binary-expr","locations":[{"start":{"line":76,"column":407},"end":{"line":76,"column":410}},{"start":{"line":76,"column":412},"end":{"line":76,"column":425}}]},"5":{"line":76,"type":"if","locations":[{"start":{"line":76,"column":587},"end":{"line":76,"column":587}},{"start":{"line":76,"column":587},"end":{"line":76,"column":587}}]},"6":{"line":76,"type":"if","locations":[{"start":{"line":76,"column":875},"end":{"line":76,"column":875}},{"start":{"line":76,"column":875},"end":{"line":76,"column":875}}]},"7":{"line":77,"type":"if","locations":[{"start":{"line":77,"column":0},"end":{"line":77,"column":0}},{"start":{"line":77,"column":0},"end":{"line":77,"column":0}}]},"8":{"line":77,"type":"binary-expr","locations":[{"start":{"line":77,"column":3},"end":{"line":77,"column":4}},{"start":{"line":77,"column":6},"end":{"line":77,"column":18}}]},"9":{"line":80,"type":"if","locations":[{"start":{"line":80,"column":0},"end":{"line":80,"column":0}},{"start":{"line":80,"column":0},"end":{"line":80,"column":0}}]},"10":{"line":80,"type":"binary-expr","locations":[{"start":{"line":80,"column":3},"end":{"line":80,"column":21}},{"start":{"line":80,"column":23},"end":{"line":80,"column":42}}]}},"l":{"1":1,"4":1,"8":1,"14":1,"71":1,"76":9,"77":0,"78":0,"80":0,"81":0,"83":0}}}
