TN:
SF:/Users/evv/liquid/src/LiquidUtils.js
FN:1,(anonymous_1)
FN:76,_defineProperty
FN:76,keyOfObject
FN:76,isTypey
FN:76,setBookmark
FN:76,(anonymous_6)
FN:76,(anonymous_7)
FN:76,(anonymous_8)
FN:76,getDefaultValue
FN:76,extractNativeValue
FNF:10
FNH:6
FNDA:0,(anonymous_1)
FNDA:9,_defineProperty
FNDA:5,keyOfObject
FNDA:0,isTypey
FNDA:2,setBookmark
FNDA:2,(anonymous_6)
FNDA:5,(anonymous_7)
FNDA:5,(anonymous_8)
FNDA:0,getDefaultValue
FNDA:0,extractNativeValue
DA:1,1
DA:4,1
DA:8,1
DA:14,1
DA:71,1
DA:76,9
DA:77,0
DA:78,0
DA:80,0
DA:81,0
DA:83,0
LF:11
LH:6
BRDA:1,1,0,1
BRDA:1,1,1,0
BRDA:1,2,0,0
BRDA:1,2,1,0
BRDA:76,3,0,0
BRDA:76,3,1,9
BRDA:76,4,0,0
BRDA:76,4,1,0
BRDA:76,5,0,2
BRDA:76,5,1,0
BRDA:76,6,0,2
BRDA:76,6,1,3
BRDA:77,7,0,0
BRDA:77,7,1,0
BRDA:77,8,0,0
BRDA:77,8,1,0
BRDA:80,9,0,0
BRDA:80,9,1,0
BRDA:80,10,0,0
BRDA:80,10,1,0
BRF:20
BRH:5
end_of_record
